<?xml version="1.0" encoding="UTF-8"?>
<testsuite xmlns:xsi="http://www.w3.org/2001/XMLSchema-instance" xsi:noNamespaceSchemaLocation="https://maven.apache.org/surefire/maven-failsafe-plugin/xsd/failsafe-test-report-3.0.xsd" version="3.0" name="com.jsonplaceholder.RunCucumberTests" time="6.915" tests="4" errors="0" skipped="0" failures="0">
  <properties>
[...]
</properties>
  <testcase name="REST API should return existing post by id" classname="Test the post functionality of jsonplaceholder REST API" time="3.624"/>
  <testcase name="REST API should create new post" classname="Test the post functionality of jsonplaceholder REST API" time="1"/>
  <testcase name="REST API should modify existing post" classname="Test the post functionality of jsonplaceholder REST API" time="0.522"/>
  <testcase name="REST API should delete existing post" classname="Test the post functionality of jsonplaceholder REST API" time="0.483"/>
</testsuite>